<?xml version="1.0" encoding="UTF-8"?>
<!-- Generated by org.testng.reporters.JUnitReportReporter -->
<testsuite skipped="2" hostname="DESKTOP-BI3LN8P" name="com.actitime.testscript.CustomerModule2" tests="3" failures="0" timestamp="2022-05-25T12:07:54 IST" time="6.935" errors="1">
  <testcase name="createCustomer" time="0.000" classname="com.actitime.testscript.CustomerModule2">
    <skipped/>
  </testcase> <!-- createCustomer -->
  <system-out/>
  <testcase name="openBrowser" time="6.935" classname="com.actitime.testscript.CustomerModule2">
    <error type="org.openqa.selenium.WebDriverException" message="unknown error: Chrome failed to start: crashed.
  (chrome not reachable)
  (The process started from chrome location C:\Program Files\Google\Chrome\Application\chrome.exe is no longer running, so ChromeDriver is assuming that Chrome has crashed.)
Build info: version: &#039;3.141.59&#039;, revision: &#039;e82be7d358&#039;, time: &#039;2018-11-14T08:25:53&#039;
System info: host: &#039;DESKTOP-BI3LN8P&#039;, ip: &#039;192.168.124.1&#039;, os.name: &#039;Windows 10&#039;, os.arch: &#039;amd64&#039;, os.version: &#039;10.0&#039;, java.version: &#039;1.8.0-262&#039;
Driver info: driver.version: ChromeDriver
remote stacktrace: Backtrace:
	Ordinal0 [0x009AB8F3+2406643]
	Ordinal0 [0x0093AF31+1945393]
	Ordinal0 [0x0082C748+837448]
	Ordinal0 [0x00849994+956820]
	Ordinal0 [0x00845D71+941425]
	Ordinal0 [0x00878EE0+1150688]
	Ordinal0 [0x00878B3A+1149754]
	Ordinal0 [0x00874096+1130646]
	Ordinal0 [0x0084E636+976438]
	Ordinal0 [0x0084F546+980294]
	GetHandleVerifier [0x00C19612+2498066]
	GetHandleVerifier [0x00C0C920+2445600]
	GetHandleVerifier [0x00A44F2A+579370]
	GetHandleVerifier [0x00A43D36+574774]
	Ordinal0 [0x00941C0B+1973259]
	Ordinal0 [0x00946688+1992328]
	Ordinal0 [0x00946775+1992565]
	Ordinal0 [0x0094F8D1+2029777]
	BaseThreadInitThunk [0x74DE60C9+25]
	RtlGetAppContainerNamedObjectPath [0x77647A94+228]
	RtlGetAppContainerNamedObjectPath [0x77647A64+180]
">
      <![CDATA[org.openqa.selenium.WebDriverException: unknown error: Chrome failed to start: crashed.
  (chrome not reachable)
  (The process started from chrome location C:\Program Files\Google\Chrome\Application\chrome.exe is no longer running, so ChromeDriver is assuming that Chrome has crashed.)
Build info: version: '3.141.59', revision: 'e82be7d358', time: '2018-11-14T08:25:53'
System info: host: 'DESKTOP-BI3LN8P', ip: '192.168.124.1', os.name: 'Windows 10', os.arch: 'amd64', os.version: '10.0', java.version: '1.8.0-262'
Driver info: driver.version: ChromeDriver
remote stacktrace: Backtrace:
Ordinal0 [0x009AB8F3+2406643]
Ordinal0 [0x0093AF31+1945393]
Ordinal0 [0x0082C748+837448]
Ordinal0 [0x00849994+956820]
Ordinal0 [0x00845D71+941425]
Ordinal0 [0x00878EE0+1150688]
Ordinal0 [0x00878B3A+1149754]
Ordinal0 [0x00874096+1130646]
Ordinal0 [0x0084E636+976438]
Ordinal0 [0x0084F546+980294]
GetHandleVerifier [0x00C19612+2498066]
GetHandleVerifier [0x00C0C920+2445600]
GetHandleVerifier [0x00A44F2A+579370]
GetHandleVerifier [0x00A43D36+574774]
Ordinal0 [0x00941C0B+1973259]
Ordinal0 [0x00946688+1992328]
Ordinal0 [0x00946775+1992565]
Ordinal0 [0x0094F8D1+2029777]
BaseThreadInitThunk [0x74DE60C9+25]
RtlGetAppContainerNamedObjectPath [0x77647A94+228]
RtlGetAppContainerNamedObjectPath [0x77647A64+180]

at sun.reflect.NativeConstructorAccessorImpl.newInstance0(Native Method)
at sun.reflect.NativeConstructorAccessorImpl.newInstance(NativeConstructorAccessorImpl.java:62)
at sun.reflect.DelegatingConstructorAccessorImpl.newInstance(DelegatingConstructorAccessorImpl.java:45)
at java.lang.reflect.Constructor.newInstance(Constructor.java:423)
at org.openqa.selenium.remote.W3CHandshakeResponse.lambda$errorHandler$0(W3CHandshakeResponse.java:62)
at org.openqa.selenium.remote.HandshakeResponse.lambda$getResponseFunction$0(HandshakeResponse.java:30)
at org.openqa.selenium.remote.ProtocolHandshake.lambda$createSession$0(ProtocolHandshake.java:126)
at java.util.stream.ReferencePipeline$3$1.accept(ReferencePipeline.java:193)
at java.util.Spliterators$ArraySpliterator.tryAdvance(Spliterators.java:958)
at java.util.stream.ReferencePipeline.forEachWithCancel(ReferencePipeline.java:126)
at java.util.stream.AbstractPipeline.copyIntoWithCancel(AbstractPipeline.java:499)
at java.util.stream.AbstractPipeline.copyInto(AbstractPipeline.java:486)
at java.util.stream.AbstractPipeline.wrapAndCopyInto(AbstractPipeline.java:472)
at java.util.stream.FindOps$FindOp.evaluateSequential(FindOps.java:152)
at java.util.stream.AbstractPipeline.evaluate(AbstractPipeline.java:234)
at java.util.stream.ReferencePipeline.findFirst(ReferencePipeline.java:531)
at org.openqa.selenium.remote.ProtocolHandshake.createSession(ProtocolHandshake.java:128)
at org.openqa.selenium.remote.ProtocolHandshake.createSession(ProtocolHandshake.java:74)
at org.openqa.selenium.remote.HttpCommandExecutor.execute(HttpCommandExecutor.java:136)
at org.openqa.selenium.remote.service.DriverCommandExecutor.execute(DriverCommandExecutor.java:83)
at org.openqa.selenium.remote.RemoteWebDriver.execute(RemoteWebDriver.java:552)
at org.openqa.selenium.remote.RemoteWebDriver.startSession(RemoteWebDriver.java:213)
at org.openqa.selenium.remote.RemoteWebDriver.<init>(RemoteWebDriver.java:131)
at org.openqa.selenium.chrome.ChromeDriver.<init>(ChromeDriver.java:181)
at org.openqa.selenium.chrome.ChromeDriver.<init>(ChromeDriver.java:168)
at org.openqa.selenium.chrome.ChromeDriver.<init>(ChromeDriver.java:123)
at com.actitime.generics.BaseClass.openBrowser(BaseClass.java:26)
at sun.reflect.NativeMethodAccessorImpl.invoke0(Native Method)
at sun.reflect.NativeMethodAccessorImpl.invoke(NativeMethodAccessorImpl.java:62)
at sun.reflect.DelegatingMethodAccessorImpl.invoke(DelegatingMethodAccessorImpl.java:43)
at java.lang.reflect.Method.invoke(Method.java:498)
at org.testng.internal.MethodInvocationHelper.invokeMethod(MethodInvocationHelper.java:133)
at org.testng.internal.MethodInvocationHelper.invokeMethodConsideringTimeout(MethodInvocationHelper.java:62)
at org.testng.internal.ConfigInvoker.invokeConfigurationMethod(ConfigInvoker.java:385)
at org.testng.internal.ConfigInvoker.invokeConfigurations(ConfigInvoker.java:321)
at org.testng.internal.TestMethodWorker.invokeBeforeClassMethods(TestMethodWorker.java:176)
at org.testng.internal.TestMethodWorker.run(TestMethodWorker.java:122)
at java.util.ArrayList.forEach(ArrayList.java:1259)
at org.testng.TestRunner.privateRun(TestRunner.java:794)
at org.testng.TestRunner.run(TestRunner.java:596)
at org.testng.SuiteRunner.runTest(SuiteRunner.java:377)
at org.testng.SuiteRunner.runSequentially(SuiteRunner.java:371)
at org.testng.SuiteRunner.privateRun(SuiteRunner.java:332)
at org.testng.SuiteRunner.run(SuiteRunner.java:276)
at org.testng.SuiteRunnerWorker.runSuite(SuiteRunnerWorker.java:53)
at org.testng.SuiteRunnerWorker.run(SuiteRunnerWorker.java:96)
at org.testng.TestNG.runSuitesSequentially(TestNG.java:1212)
at org.testng.TestNG.runSuitesLocally(TestNG.java:1134)
at org.testng.TestNG.runSuites(TestNG.java:1063)
at org.testng.TestNG.run(TestNG.java:1031)
at org.testng.remote.AbstractRemoteTestNG.run(AbstractRemoteTestNG.java:115)
at org.testng.remote.RemoteTestNG.initAndRun(RemoteTestNG.java:251)
at org.testng.remote.RemoteTestNG.main(RemoteTestNG.java:77)
]]>
    </error>
  </testcase> <!-- openBrowser -->
  <system-out/>
  <testcase name="modifyCustomer" time="0.000" classname="com.actitime.testscript.CustomerModule2">
    <skipped/>
  </testcase> <!-- modifyCustomer -->
  <system-out/>
</testsuite> <!-- com.actitime.testscript.CustomerModule2 -->
